{
  "stats": {
    "suites": 2,
    "tests": 12,
    "passes": 8,
    "pending": 0,
    "failures": 4,
    "start": "2022-07-19T11:35:14.553Z",
    "end": "2022-07-19T11:45:15.283Z",
    "duration": 318996,
    "testsRegistered": 12,
    "passPercent": 66.66666666666667,
    "pendingPercent": 0,
    "other": 0,
    "hasOther": false,
    "skipped": 0,
    "hasSkipped": false
  },
  "results": [
    {
      "uuid": "85e731af-80a6-47f8-a8ff-754bbd14b2e2",
      "title": "",
      "fullFile": "cypress/e2e/Welltravel/Agent_Admin/Hotel/Admin_HotelBooking_SingleTraveler_invoice.js",
      "file": "cypress/e2e/Welltravel/Agent_Admin/Hotel/Admin_HotelBooking_SingleTraveler_invoice.js",
      "beforeHooks": [],
      "afterHooks": [],
      "tests": [],
      "suites": [
        {
          "uuid": "8b1aab86-6280-4166-b0b7-87294d327ce1",
          "title": "visit admin URL",
          "fullFile": "",
          "file": "",
          "beforeHooks": [],
          "afterHooks": [],
          "tests": [
            {
              "title": "should redirect to the correct page",
              "fullTitle": "visit admin URL should redirect to the correct page",
              "timedOut": null,
              "duration": 3261,
              "state": "passed",
              "speed": "fast",
              "pass": true,
              "fail": false,
              "pending": false,
              "context": null,
              "code": "cy.visit_agent_admin();",
              "err": {},
              "uuid": "ed160e0a-106f-4a09-bda8-415e2b2e8e65",
              "parentUUID": "8b1aab86-6280-4166-b0b7-87294d327ce1",
              "isHook": false,
              "skipped": false
            },
            {
              "title": "should admin login",
              "fullTitle": "visit admin URL should admin login",
              "timedOut": null,
              "duration": 13443,
              "state": "passed",
              "speed": "slow",
              "pass": true,
              "fail": false,
              "pending": false,
              "context": null,
              "code": "cy.get('.login-pf-page').then($body => {\n  if ($body.text().includes('Sign In')) {\n    cy.agent_admin_login();\n    cy.agent_admin_hotel_selection();\n  } else {\n    cy.agent_admin_hotel_selection();\n  }\n});",
              "err": {},
              "uuid": "083555bb-b093-47a5-bd9b-3ae718d1f781",
              "parentUUID": "8b1aab86-6280-4166-b0b7-87294d327ce1",
              "isHook": false,
              "skipped": false
            }
          ],
          "suites": [],
          "passes": [
            "ed160e0a-106f-4a09-bda8-415e2b2e8e65",
            "083555bb-b093-47a5-bd9b-3ae718d1f781"
          ],
          "failures": [],
          "pending": [],
          "skipped": [],
          "duration": 16704,
          "root": false,
          "rootEmpty": false,
          "_timeout": 2000
        },
        {
          "uuid": "11f03187-2c05-4c39-a256-b97c191a1426",
          "title": "admin hotel Book flow",
          "fullFile": "",
          "file": "",
          "beforeHooks": [],
          "afterHooks": [],
          "tests": [
            {
              "title": "admin hotel Search box",
              "fullTitle": "admin hotel Book flow admin hotel Search box",
              "timedOut": null,
              "duration": 25358,
              "state": "failed",
              "speed": null,
              "pass": false,
              "fail": true,
              "pending": false,
              "context": "{\n  \"title\": \"cypress-mochawesome-reporter-screenshots\",\n  \"value\": [\n    [\n      {\n        \"title\": \"Failed screenshot\",\n        \"value\": \"/Admin_HotelBooking_SingleTraveler_invoice.js/admin hotel Book flow -- admin hotel Search box (failed).png\"\n      }\n    ]\n  ]\n}",
              "code": "//cy.agent_admin_hotel_select_room()\n//cy.agent_admin_hotel_select_travelers()\ncy.agent_admin_hotel_location();\ncy.agent_admin_hotel_checkin();\ncy.agent_admin_hotel_checkout();\ncy.agent_admin_hotel_Channels_amadeus();\ncy.agent_admin_hotel_search();",
              "err": {
                "message": "CypressError: Timed out retrying after 10050ms: `cy.click()` failed because this element:\n\n`<button class=\"button button--normal button--primary button--disabled\" type=\"button\">Search</button>`\n\nhas CSS `pointer-events: none`\n\n`pointer-events: none` prevents user mouse interaction.\n\nFix this problem, or use {force: true} to disable error checking.\n\nhttps://on.cypress.io/element-cannot-be-interacted-with",
                "estack": "CypressError: Timed out retrying after 10050ms: `cy.click()` failed because this element:\n\n`<button class=\"button button--normal button--primary button--disabled\" type=\"button\">Search</button>`\n\nhas CSS `pointer-events: none`\n\n`pointer-events: none` prevents user mouse interaction.\n\nFix this problem, or use {force: true} to disable error checking.\n\nhttps://on.cypress.io/element-cannot-be-interacted-with\n    at $Cy.ensureElDoesNotHaveCSS (https://login-staging.welltravel.com/__cypress/runner/cypress_runner.js:161978:76)\n    at ensureDescendents (https://login-staging.welltravel.com/__cypress/runner/cypress_runner.js:147395:8)\n    at ensureDescendentsAndScroll (https://login-staging.welltravel.com/__cypress/runner/cypress_runner.js:147404:14)\n    at ensureElIsNotCovered (https://login-staging.welltravel.com/__cypress/runner/cypress_runner.js:147536:5)\n    at runAllChecks (https://login-staging.welltravel.com/__cypress/runner/cypress_runner.js:147726:52)\n    at retryActionability (https://login-staging.welltravel.com/__cypress/runner/cypress_runner.js:147750:16)\n    at tryCatcher (https://login-staging.welltravel.com/__cypress/runner/cypress_runner.js:13012:23)\n    at Promise.attempt.Promise.try (https://login-staging.welltravel.com/__cypress/runner/cypress_runner.js:10286:29)\n    at whenStable (https://login-staging.welltravel.com/__cypress/runner/cypress_runner.js:166931:65)\n    at https://login-staging.welltravel.com/__cypress/runner/cypress_runner.js:166385:14\n    at tryCatcher (https://login-staging.welltravel.com/__cypress/runner/cypress_runner.js:13012:23)\n    at Promise._settlePromiseFromHandler (https://login-staging.welltravel.com/__cypress/runner/cypress_runner.js:10947:31)\n    at Promise._settlePromise (https://login-staging.welltravel.com/__cypress/runner/cypress_runner.js:11004:18)\n    at Promise._settlePromise0 (https://login-staging.welltravel.com/__cypress/runner/cypress_runner.js:11049:10)\n    at Promise._settlePromises (https://login-staging.welltravel.com/__cypress/runner/cypress_runner.js:11129:18)\n    at Promise._fulfill (https://login-staging.welltravel.com/__cypress/runner/cypress_runner.js:11073:18)\n    at https://login-staging.welltravel.com/__cypress/runner/cypress_runner.js:12687:46\nFrom Your Spec Code:\n    at Context.eval (https://login-staging.welltravel.com/__cypress/tests?p=cypress/support/e2e.js:562:60)",
                "diff": null
              },
              "uuid": "4e560d55-932a-4fb6-82cd-148daff9626d",
              "parentUUID": "11f03187-2c05-4c39-a256-b97c191a1426",
              "isHook": false,
              "skipped": false
            },
            {
              "title": "admin hotel result page",
              "fullTitle": "admin hotel Book flow admin hotel result page",
              "timedOut": null,
              "duration": 10100,
              "state": "failed",
              "speed": null,
              "pass": false,
              "fail": true,
              "pending": false,
              "context": "{\n  \"title\": \"cypress-mochawesome-reporter-screenshots\",\n  \"value\": [\n    [\n      {\n        \"title\": \"Failed screenshot\",\n        \"value\": \"/Admin_HotelBooking_SingleTraveler_invoice.js/admin hotel Book flow -- admin hotel result page (failed).png\"\n      }\n    ]\n  ]\n}",
              "code": "cy.agent_admin_hotel_select_room();",
              "err": {
                "message": "AssertionError: Timed out retrying after 10000ms: Expected to find element: `:nth-child(1) > .card--v2__wrapper > :nth-child(1) > .card__body-section > .hotel-result__wrapper > :nth-child(1) > .hotel-result__middle > .grid > .col-lg-4 > .col-xlg-5 > a > .button`, but never found it.",
                "estack": "AssertionError: Timed out retrying after 10000ms: Expected to find element: `:nth-child(1) > .card--v2__wrapper > :nth-child(1) > .card__body-section > .hotel-result__wrapper > :nth-child(1) > .hotel-result__middle > .grid > .col-lg-4 > .col-xlg-5 > a > .button`, but never found it.\n    at Context.eval (https://login-staging.welltravel.com/__cypress/tests?p=cypress/support/e2e.js:565:6)",
                "diff": null
              },
              "uuid": "a5d78384-6a3f-48b0-a31b-35d253d9749f",
              "parentUUID": "11f03187-2c05-4c39-a256-b97c191a1426",
              "isHook": false,
              "skipped": false
            },
            {
              "title": "admin cart",
              "fullTitle": "admin hotel Book flow admin cart",
              "timedOut": null,
              "duration": 10115,
              "state": "failed",
              "speed": null,
              "pass": false,
              "fail": true,
              "pending": false,
              "context": "{\n  \"title\": \"cypress-mochawesome-reporter-screenshots\",\n  \"value\": [\n    [\n      {\n        \"title\": \"Failed screenshot\",\n        \"value\": \"/Admin_HotelBooking_SingleTraveler_invoice.js/admin hotel Book flow -- admin cart (failed).png\"\n      }\n    ]\n  ]\n}",
              "code": "cy.agent_admin_Your_Cart();\ncy.agent_admin_hotel_Travelers_Information_booking();\ncy.agent_admin_invoice();",
              "err": {
                "message": "AssertionError: Timed out retrying after 10000ms: Expected to find element: `.col-lg-8`, but never found it.",
                "estack": "AssertionError: Timed out retrying after 10000ms: Expected to find element: `.col-lg-8`, but never found it.\n    at Context.eval (https://login-staging.welltravel.com/__cypress/tests?p=cypress/support/e2e.js:272:6)",
                "diff": null
              },
              "uuid": "ccb139f5-322a-4cbb-a137-f9ed7d40c639",
              "parentUUID": "11f03187-2c05-4c39-a256-b97c191a1426",
              "isHook": false,
              "skipped": false
            },
            {
              "title": "admin should take order ",
              "fullTitle": "admin hotel Book flow admin should take order ",
              "timedOut": null,
              "duration": 10161,
              "state": "failed",
              "speed": null,
              "pass": false,
              "fail": true,
              "pending": false,
              "context": "{\n  \"title\": \"cypress-mochawesome-reporter-screenshots\",\n  \"value\": [\n    [\n      {\n        \"title\": \"Failed screenshot\",\n        \"value\": \"/Admin_HotelBooking_SingleTraveler_invoice.js/admin hotel Book flow -- admin should take order (failed).png\"\n      }\n    ]\n  ]\n}",
              "code": "cy.agent_admin_Review_book_continue_to_order();\ncy.agent_admin_order_page();\ncy.agent_admin_back_to_landingpage();",
              "err": {
                "message": "AssertionError: Timed out retrying after 10000ms: Expected to find element: `.col-12.review-cart-item`, but never found it.",
                "estack": "AssertionError: Timed out retrying after 10000ms: Expected to find element: `.col-12.review-cart-item`, but never found it.\n    at Context.eval (https://login-staging.welltravel.com/__cypress/tests?p=cypress/support/e2e.js:289:6)",
                "diff": null
              },
              "uuid": "74d462b4-ce99-48ef-93cd-5e7a336ed0e3",
              "parentUUID": "11f03187-2c05-4c39-a256-b97c191a1426",
              "isHook": false,
              "skipped": false
            }
          ],
          "suites": [],
          "passes": [],
          "failures": [
            "4e560d55-932a-4fb6-82cd-148daff9626d",
            "a5d78384-6a3f-48b0-a31b-35d253d9749f",
            "ccb139f5-322a-4cbb-a137-f9ed7d40c639",
            "74d462b4-ce99-48ef-93cd-5e7a336ed0e3"
          ],
          "pending": [],
          "skipped": [],
          "duration": 55734,
          "root": false,
          "rootEmpty": false,
          "_timeout": 2000
        }
      ],
      "passes": [],
      "failures": [],
      "pending": [],
      "skipped": [],
      "duration": 0,
      "root": true,
      "rootEmpty": true,
      "_timeout": 2000
    },
    {
      "uuid": "110a18e5-88dd-44a5-8c91-358f3cf6d9e6",
      "title": "",
      "fullFile": "cypress/e2e/Welltravel/TravelApp/Hotel/HotelBooking_SingleTraveler&location_invoice.js",
      "file": "cypress/e2e/Welltravel/TravelApp/Hotel/HotelBooking_SingleTraveler&location_invoice.js",
      "beforeHooks": [],
      "afterHooks": [],
      "tests": [],
      "suites": [
        {
          "uuid": "f94b6de2-f41d-4f3f-948d-dbdcc9735058",
          "title": "Visit Travelapp",
          "fullFile": "",
          "file": "",
          "beforeHooks": [],
          "afterHooks": [],
          "tests": [
            {
              "title": "should redirect to the correct page",
              "fullTitle": "Visit Travelapp should redirect to the correct page",
              "timedOut": null,
              "duration": 8690,
              "state": "passed",
              "speed": "medium",
              "pass": true,
              "fail": false,
              "pending": false,
              "context": null,
              "code": "cy.visit_travelapp();",
              "err": {},
              "uuid": "58e6df77-e2db-434d-8b3f-fbc3a9bf7e44",
              "parentUUID": "f94b6de2-f41d-4f3f-948d-dbdcc9735058",
              "isHook": false,
              "skipped": false
            },
            {
              "title": "should login",
              "fullTitle": "Visit Travelapp should login",
              "timedOut": null,
              "duration": 9354,
              "state": "passed",
              "speed": "medium",
              "pass": true,
              "fail": false,
              "pending": false,
              "context": null,
              "code": "cy.get('.col-y-bleed > .justify-space-between > :nth-child(3)').then($body => {\n  if ($body.text().includes('Log in')) {\n    cy.travelapp_login();\n    cy.travelapp_hotel_selection();\n  } else {\n    cy.travelapp_hotel_selection();\n  }\n});",
              "err": {},
              "uuid": "fc3f6d84-8640-4747-bbba-0e7ac0d7d8c8",
              "parentUUID": "f94b6de2-f41d-4f3f-948d-dbdcc9735058",
              "isHook": false,
              "skipped": false
            }
          ],
          "suites": [],
          "passes": [
            "58e6df77-e2db-434d-8b3f-fbc3a9bf7e44",
            "fc3f6d84-8640-4747-bbba-0e7ac0d7d8c8"
          ],
          "failures": [],
          "pending": [],
          "skipped": [],
          "duration": 18044,
          "root": false,
          "rootEmpty": false,
          "_timeout": 2000
        },
        {
          "uuid": "8cc6402d-aeb4-4e7e-9135-d49694b7fbf0",
          "title": "hotel Book flow",
          "fullFile": "",
          "file": "",
          "beforeHooks": [],
          "afterHooks": [],
          "tests": [
            {
              "title": "Search hotel box",
              "fullTitle": "hotel Book flow Search hotel box",
              "timedOut": null,
              "duration": 127353,
              "state": "passed",
              "speed": "slow",
              "pass": true,
              "fail": false,
              "pending": false,
              "context": null,
              "code": "cy.travelapp_hotel_room_selection();\ncy.travelapp_hotel_traveler_selection_adults();\ncy.travelapp_hotel_traveler_selection_children();\ncy.travelapp_hotel_location();\ncy.travelapp_hotel_checkin();\ncy.travelapp_hotel_checkout();\ncy.travelapp_hotel_search();",
              "err": {},
              "uuid": "adc40444-700b-43b0-81ff-3cb21a0de8f5",
              "parentUUID": "8cc6402d-aeb4-4e7e-9135-d49694b7fbf0",
              "isHook": false,
              "skipped": false
            },
            {
              "title": "hotel result page",
              "fullTitle": "hotel Book flow hotel result page",
              "timedOut": null,
              "duration": 18639,
              "state": "passed",
              "speed": "slow",
              "pass": true,
              "fail": false,
              "pending": false,
              "context": null,
              "code": "cy.travelapp_hotel_results();\ncy.travelapp_hotel_select_room();",
              "err": {},
              "uuid": "81d14d4a-b0cd-4a1d-82ad-9aff246b5592",
              "parentUUID": "8cc6402d-aeb4-4e7e-9135-d49694b7fbf0",
              "isHook": false,
              "skipped": false
            },
            {
              "title": "cart",
              "fullTitle": "hotel Book flow cart",
              "timedOut": null,
              "duration": 15547,
              "state": "passed",
              "speed": "slow",
              "pass": true,
              "fail": false,
              "pending": false,
              "context": null,
              "code": "cy.travelapp_Your_Cart();\ncy.travelapp_Travelers_Information_mybooking();\ncy.travelapp_invoice();",
              "err": {},
              "uuid": "e71b34df-f138-4725-934d-5a5e787559cc",
              "parentUUID": "8cc6402d-aeb4-4e7e-9135-d49694b7fbf0",
              "isHook": false,
              "skipped": false
            },
            {
              "title": "should take order ",
              "fullTitle": "hotel Book flow should take order ",
              "timedOut": null,
              "duration": 66975,
              "state": "passed",
              "speed": "slow",
              "pass": true,
              "fail": false,
              "pending": false,
              "context": null,
              "code": "cy.travelapp_Review_book_continue_to_order();\ncy.travelapp_order_pdf_download();\ncy.travelapp_back_to_landingpage();",
              "err": {},
              "uuid": "8ddd4d7c-81f8-4d06-bd41-c4734b2e7378",
              "parentUUID": "8cc6402d-aeb4-4e7e-9135-d49694b7fbf0",
              "isHook": false,
              "skipped": false
            }
          ],
          "suites": [],
          "passes": [
            "adc40444-700b-43b0-81ff-3cb21a0de8f5",
            "81d14d4a-b0cd-4a1d-82ad-9aff246b5592",
            "e71b34df-f138-4725-934d-5a5e787559cc",
            "8ddd4d7c-81f8-4d06-bd41-c4734b2e7378"
          ],
          "failures": [],
          "pending": [],
          "skipped": [],
          "duration": 228514,
          "root": false,
          "rootEmpty": false,
          "_timeout": 2000
        }
      ],
      "passes": [],
      "failures": [],
      "pending": [],
      "skipped": [],
      "duration": 0,
      "root": true,
      "rootEmpty": true,
      "_timeout": 2000
    }
  ],
  "meta": {
    "mocha": {
      "version": "7.0.1"
    },
    "mochawesome": {
      "options": {
        "quiet": false,
        "reportFilename": "mochawesome",
        "saveHtml": false,
        "saveJson": true,
        "consoleReporter": "spec",
        "useInlineDiffs": false,
        "code": true
      },
      "version": "7.1.3"
    },
    "marge": {
      "options": {
        "charts": true,
        "reportPageTitle": "custom-title",
        "embeddedScreenshots": true,
        "inlineAssets": true,
        "saveAllAttempts": false,
        "overwrite": false,
        "html": false,
        "json": true,
        "reportDir": "cypress/reports/html/.jsons"
      },
      "version": "6.2.0"
    }
  }
}