{
  "stats": {
    "suites": 1,
    "tests": 3,
    "passes": 2,
    "pending": 0,
    "failures": 1,
    "start": "2022-07-19T12:44:57.231Z",
    "end": "2022-07-19T12:45:42.987Z",
    "duration": 41731,
    "testsRegistered": 3,
    "passPercent": 66.66666666666667,
    "pendingPercent": 0,
    "other": 0,
    "hasOther": false,
    "skipped": 0,
    "hasSkipped": false
  },
  "results": [
    {
      "uuid": "5f8af38d-f3fa-4588-8534-813296e40594",
      "title": "",
      "fullFile": "cypress/e2e/Welltravel/Agent_Admin/Setting/Approval_config_pre.js",
      "file": "cypress/e2e/Welltravel/Agent_Admin/Setting/Approval_config_pre.js",
      "beforeHooks": [],
      "afterHooks": [],
      "tests": [],
      "suites": [
        {
          "uuid": "3104dd2c-ccea-4d8b-99d9-bff9ae49c030",
          "title": "visit admin URL",
          "fullFile": "",
          "file": "",
          "beforeHooks": [],
          "afterHooks": [],
          "tests": [
            {
              "title": "should redirect to the correct page",
              "fullTitle": "visit admin URL should redirect to the correct page",
              "timedOut": null,
              "duration": 3807,
              "state": "passed",
              "speed": "fast",
              "pass": true,
              "fail": false,
              "pending": false,
              "context": null,
              "code": "cy.visit_agent_admin();",
              "err": {},
              "uuid": "30eed3f4-a40f-4a66-8692-a6673aa19544",
              "parentUUID": "3104dd2c-ccea-4d8b-99d9-bff9ae49c030",
              "isHook": false,
              "skipped": false
            },
            {
              "title": "should admin login",
              "fullTitle": "visit admin URL should admin login",
              "timedOut": null,
              "duration": 14357,
              "state": "passed",
              "speed": "slow",
              "pass": true,
              "fail": false,
              "pending": false,
              "context": null,
              "code": "cy.get('.login-pf-page').then($body => {\n  if ($body.text().includes('Sign In')) {\n    cy.agent_admin_login();\n  } else {\n    cy.agent_admin_flight_selection();\n  }\n});",
              "err": {},
              "uuid": "8734812b-35e9-4d01-b2f2-3c40b06d36b0",
              "parentUUID": "3104dd2c-ccea-4d8b-99d9-bff9ae49c030",
              "isHook": false,
              "skipped": false
            }
          ],
          "suites": [],
          "passes": [
            "30eed3f4-a40f-4a66-8692-a6673aa19544",
            "8734812b-35e9-4d01-b2f2-3c40b06d36b0"
          ],
          "failures": [],
          "pending": [],
          "skipped": [],
          "duration": 18164,
          "root": false,
          "rootEmpty": false,
          "_timeout": 2000
        },
        {
          "uuid": "740d6898-502c-438e-aaa5-5eede1b65098",
          "title": "admin Organisations part ",
          "fullFile": "",
          "file": "",
          "beforeHooks": [],
          "afterHooks": [],
          "tests": [
            {
              "title": "Organisations setting ",
              "fullTitle": "admin Organisations part  Organisations setting ",
              "timedOut": null,
              "duration": 23567,
              "state": "failed",
              "speed": null,
              "pass": false,
              "fail": true,
              "pending": false,
              "context": "{\n  \"title\": \"cypress-mochawesome-reporter-screenshots\",\n  \"value\": [\n    [\n      {\n        \"title\": \"Failed screenshot\",\n        \"value\": \"/Approval_config_pre.js/admin Organisations part -- Organisations setting (failed).png\"\n      }\n    ]\n  ]\n}",
              "code": "cy.agent_admin_organisations();\ncy.agent_admin_organisations_search();\ncy.agent_admin_organisations_edit();\ncy.agent_admin_organisations_pre();",
              "err": {
                "message": "AssertionError: Timed out retrying after 10000ms: Expected to find element: `.col-2 > :nth-child(1) > .icon-button__icon > .icon > svg > path`, but never found it.",
                "estack": "AssertionError: Timed out retrying after 10000ms: Expected to find element: `.col-2 > :nth-child(1) > .icon-button__icon > .icon > svg > path`, but never found it.\n    at Context.eval (https://login-staging.welltravel.com/__cypress/tests?p=cypress/support/e2e.js:652:6)",
                "diff": null
              },
              "uuid": "ecb12774-fa0f-4c2a-9714-0170ea90edd5",
              "parentUUID": "740d6898-502c-438e-aaa5-5eede1b65098",
              "isHook": false,
              "skipped": false
            }
          ],
          "suites": [],
          "passes": [],
          "failures": [
            "ecb12774-fa0f-4c2a-9714-0170ea90edd5"
          ],
          "pending": [],
          "skipped": [],
          "duration": 23567,
          "root": false,
          "rootEmpty": false,
          "_timeout": 2000
        }
      ],
      "passes": [],
      "failures": [],
      "pending": [],
      "skipped": [],
      "duration": 0,
      "root": true,
      "rootEmpty": true,
      "_timeout": 2000
    }
  ],
  "meta": {
    "mocha": {
      "version": "7.0.1"
    },
    "mochawesome": {
      "options": {
        "quiet": false,
        "reportFilename": "mochawesome",
        "saveHtml": false,
        "saveJson": true,
        "consoleReporter": "spec",
        "useInlineDiffs": false,
        "code": true
      },
      "version": "7.1.3"
    },
    "marge": {
      "options": {
        "charts": true,
        "reportPageTitle": "custom-title",
        "embeddedScreenshots": true,
        "inlineAssets": true,
        "saveAllAttempts": false,
        "overwrite": false,
        "html": false,
        "json": true,
        "reportDir": "cypress/reports/html/.jsons"
      },
      "version": "6.2.0"
    }
  }
}