{
  "stats": {
    "suites": 2,
    "tests": 6,
    "passes": 6,
    "pending": 0,
    "failures": 0,
    "start": "2022-07-19T11:35:14.553Z",
    "end": "2022-07-19T11:39:24.057Z",
    "duration": 249504,
    "testsRegistered": 6,
    "passPercent": 100,
    "pendingPercent": 0,
    "other": 0,
    "hasOther": false,
    "skipped": 0,
    "hasSkipped": false
  },
  "results": [
    {
      "uuid": "110a18e5-88dd-44a5-8c91-358f3cf6d9e6",
      "title": "",
      "fullFile": "cypress/e2e/Welltravel/TravelApp/Hotel/HotelBooking_SingleTraveler&location_invoice.js",
      "file": "cypress/e2e/Welltravel/TravelApp/Hotel/HotelBooking_SingleTraveler&location_invoice.js",
      "beforeHooks": [],
      "afterHooks": [],
      "tests": [],
      "suites": [
        {
          "uuid": "f94b6de2-f41d-4f3f-948d-dbdcc9735058",
          "title": "Visit Travelapp",
          "fullFile": "",
          "file": "",
          "beforeHooks": [],
          "afterHooks": [],
          "tests": [
            {
              "title": "should redirect to the correct page",
              "fullTitle": "Visit Travelapp should redirect to the correct page",
              "timedOut": null,
              "duration": 8690,
              "state": "passed",
              "speed": "medium",
              "pass": true,
              "fail": false,
              "pending": false,
              "context": null,
              "code": "cy.visit_travelapp();",
              "err": {},
              "uuid": "58e6df77-e2db-434d-8b3f-fbc3a9bf7e44",
              "parentUUID": "f94b6de2-f41d-4f3f-948d-dbdcc9735058",
              "isHook": false,
              "skipped": false
            },
            {
              "title": "should login",
              "fullTitle": "Visit Travelapp should login",
              "timedOut": null,
              "duration": 9354,
              "state": "passed",
              "speed": "medium",
              "pass": true,
              "fail": false,
              "pending": false,
              "context": null,
              "code": "cy.get('.col-y-bleed > .justify-space-between > :nth-child(3)').then($body => {\n  if ($body.text().includes('Log in')) {\n    cy.travelapp_login();\n    cy.travelapp_hotel_selection();\n  } else {\n    cy.travelapp_hotel_selection();\n  }\n});",
              "err": {},
              "uuid": "fc3f6d84-8640-4747-bbba-0e7ac0d7d8c8",
              "parentUUID": "f94b6de2-f41d-4f3f-948d-dbdcc9735058",
              "isHook": false,
              "skipped": false
            }
          ],
          "suites": [],
          "passes": [
            "58e6df77-e2db-434d-8b3f-fbc3a9bf7e44",
            "fc3f6d84-8640-4747-bbba-0e7ac0d7d8c8"
          ],
          "failures": [],
          "pending": [],
          "skipped": [],
          "duration": 18044,
          "root": false,
          "rootEmpty": false,
          "_timeout": 2000
        },
        {
          "uuid": "8cc6402d-aeb4-4e7e-9135-d49694b7fbf0",
          "title": "hotel Book flow",
          "fullFile": "",
          "file": "",
          "beforeHooks": [],
          "afterHooks": [],
          "tests": [
            {
              "title": "Search hotel box",
              "fullTitle": "hotel Book flow Search hotel box",
              "timedOut": null,
              "duration": 127353,
              "state": "passed",
              "speed": "slow",
              "pass": true,
              "fail": false,
              "pending": false,
              "context": null,
              "code": "cy.travelapp_hotel_room_selection();\ncy.travelapp_hotel_traveler_selection_adults();\ncy.travelapp_hotel_traveler_selection_children();\ncy.travelapp_hotel_location();\ncy.travelapp_hotel_checkin();\ncy.travelapp_hotel_checkout();\ncy.travelapp_hotel_search();",
              "err": {},
              "uuid": "adc40444-700b-43b0-81ff-3cb21a0de8f5",
              "parentUUID": "8cc6402d-aeb4-4e7e-9135-d49694b7fbf0",
              "isHook": false,
              "skipped": false
            },
            {
              "title": "hotel result page",
              "fullTitle": "hotel Book flow hotel result page",
              "timedOut": null,
              "duration": 18639,
              "state": "passed",
              "speed": "slow",
              "pass": true,
              "fail": false,
              "pending": false,
              "context": null,
              "code": "cy.travelapp_hotel_results();\ncy.travelapp_hotel_select_room();",
              "err": {},
              "uuid": "81d14d4a-b0cd-4a1d-82ad-9aff246b5592",
              "parentUUID": "8cc6402d-aeb4-4e7e-9135-d49694b7fbf0",
              "isHook": false,
              "skipped": false
            },
            {
              "title": "cart",
              "fullTitle": "hotel Book flow cart",
              "timedOut": null,
              "duration": 15547,
              "state": "passed",
              "speed": "slow",
              "pass": true,
              "fail": false,
              "pending": false,
              "context": null,
              "code": "cy.travelapp_Your_Cart();\ncy.travelapp_Travelers_Information_mybooking();\ncy.travelapp_invoice();",
              "err": {},
              "uuid": "e71b34df-f138-4725-934d-5a5e787559cc",
              "parentUUID": "8cc6402d-aeb4-4e7e-9135-d49694b7fbf0",
              "isHook": false,
              "skipped": false
            },
            {
              "title": "should take order ",
              "fullTitle": "hotel Book flow should take order ",
              "timedOut": null,
              "duration": 66975,
              "state": "passed",
              "speed": "slow",
              "pass": true,
              "fail": false,
              "pending": false,
              "context": null,
              "code": "cy.travelapp_Review_book_continue_to_order();\ncy.travelapp_order_pdf_download();\ncy.travelapp_back_to_landingpage();",
              "err": {},
              "uuid": "8ddd4d7c-81f8-4d06-bd41-c4734b2e7378",
              "parentUUID": "8cc6402d-aeb4-4e7e-9135-d49694b7fbf0",
              "isHook": false,
              "skipped": false
            }
          ],
          "suites": [],
          "passes": [
            "adc40444-700b-43b0-81ff-3cb21a0de8f5",
            "81d14d4a-b0cd-4a1d-82ad-9aff246b5592",
            "e71b34df-f138-4725-934d-5a5e787559cc",
            "8ddd4d7c-81f8-4d06-bd41-c4734b2e7378"
          ],
          "failures": [],
          "pending": [],
          "skipped": [],
          "duration": 228514,
          "root": false,
          "rootEmpty": false,
          "_timeout": 2000
        }
      ],
      "passes": [],
      "failures": [],
      "pending": [],
      "skipped": [],
      "duration": 0,
      "root": true,
      "rootEmpty": true,
      "_timeout": 2000
    }
  ],
  "meta": {
    "mocha": {
      "version": "7.0.1"
    },
    "mochawesome": {
      "options": {
        "quiet": false,
        "reportFilename": "mochawesome",
        "saveHtml": false,
        "saveJson": true,
        "consoleReporter": "spec",
        "useInlineDiffs": false,
        "code": true
      },
      "version": "7.1.3"
    },
    "marge": {
      "options": {
        "charts": true,
        "reportPageTitle": "custom-title",
        "embeddedScreenshots": true,
        "inlineAssets": true,
        "saveAllAttempts": false,
        "overwrite": false,
        "html": false,
        "json": true,
        "reportDir": "cypress/reports/html/.jsons"
      },
      "version": "6.2.0"
    }
  }
}